2022-05-17 15:52:29.802  INFO 5876 --- [main] c.s.s.SafetyNetAlertApplication          : Starting SafetyNetAlertApplication using Java 15.0.1 on DESKTOP-58NAON3 with PID 5876 (C:\Users\Myohres\Documents\Formation\P5\SafetyNetAlert\target\classes started by Myohres in C:\Users\Myohres\Documents\Formation\P5\SafetyNetAlert)
2022-05-17 15:52:29.809  INFO 5876 --- [main] c.s.s.SafetyNetAlertApplication          : No active profile set, falling back to default profiles: default
2022-05-17 15:52:30.613  INFO 5876 --- [main] .s.d.r.c.RepositoryConfigurationDelegate : Bootstrapping Spring Data JPA repositories in DEFAULT mode.
2022-05-17 15:52:30.699  INFO 5876 --- [main] .s.d.r.c.RepositoryConfigurationDelegate : Finished Spring Data repository scanning in 77 ms. Found 3 JPA repository interfaces.
2022-05-17 15:52:31.147  INFO 5876 --- [main] o.s.b.w.embedded.tomcat.TomcatWebServer  : Tomcat initialized with port(s): 8080 (http)
2022-05-17 15:52:31.156  INFO 5876 --- [main] o.apache.catalina.core.StandardService   : Starting service [Tomcat]
2022-05-17 15:52:31.156  INFO 5876 --- [main] org.apache.catalina.core.StandardEngine  : Starting Servlet engine: [Apache Tomcat/9.0.50]
2022-05-17 15:52:31.362  INFO 5876 --- [main] o.a.c.c.C.[Tomcat].[localhost].[/]       : Initializing Spring embedded WebApplicationContext
2022-05-17 15:52:31.363  INFO 5876 --- [main] w.s.c.ServletWebServerApplicationContext : Root WebApplicationContext: initialization completed in 1513 ms
2022-05-17 15:52:31.435  INFO 5876 --- [main] com.zaxxer.hikari.HikariDataSource       : HikariPool-1 - Starting...
2022-05-17 15:52:31.532  INFO 5876 --- [main] com.zaxxer.hikari.HikariDataSource       : HikariPool-1 - Start completed.
2022-05-17 15:52:31.536  INFO 5876 --- [main] o.s.b.a.h2.H2ConsoleAutoConfiguration    : H2 console available at '/h2-console'. Database available at 'jdbc:h2:mem:safetynetAlert'
2022-05-17 15:52:31.708  INFO 5876 --- [main] o.hibernate.jpa.internal.util.LogHelper  : HHH000204: Processing PersistenceUnitInfo [name: default]
2022-05-17 15:52:31.756  INFO 5876 --- [main] org.hibernate.Version                    : HHH000412: Hibernate ORM core version 5.4.32.Final
2022-05-17 15:52:31.867  INFO 5876 --- [main] o.hibernate.annotations.common.Version   : HCANN000001: Hibernate Commons Annotations {5.1.2.Final}
2022-05-17 15:52:31.972  INFO 5876 --- [main] org.hibernate.dialect.Dialect            : HHH000400: Using dialect: org.hibernate.dialect.H2Dialect
2022-05-17 15:52:32.470  INFO 5876 --- [main] o.h.e.t.j.p.i.JtaPlatformInitiator       : HHH000490: Using JtaPlatform implementation: [org.hibernate.engine.transaction.jta.platform.internal.NoJtaPlatform]
2022-05-17 15:52:32.478  INFO 5876 --- [main] j.LocalContainerEntityManagerFactoryBean : Initialized JPA EntityManagerFactory for persistence unit 'default'
2022-05-17 15:52:32.805  WARN 5876 --- [main] JpaBaseConfiguration$JpaWebConfiguration : spring.jpa.open-in-view is enabled by default. Therefore, database queries may be performed during view rendering. Explicitly configure spring.jpa.open-in-view to disable this warning
2022-05-17 15:52:32.957  WARN 5876 --- [main] ConfigServletWebServerApplicationContext : Exception encountered during context initialization - cancelling refresh attempt: org.springframework.beans.factory.BeanCreationException: Error creating bean with name 'requestMappingHandlerMapping' defined in class path resource [org/springframework/boot/autoconfigure/web/servlet/WebMvcAutoConfiguration$EnableWebMvcConfiguration.class]: Invocation of init method failed; nested exception is java.lang.IllegalStateException: Ambiguous mapping. Cannot map 'personsByStationController' method 
com.safetynet.safetynetalert.web.controller.alert.PersonsByStationController#getPersonByFireStation(long)
to {GET [/firestation]}: There is already 'fireStationsController' bean method
com.safetynet.safetynetalert.web.controller.FireStationsController#getFireStations() mapped.
2022-05-17 15:52:32.959  INFO 5876 --- [main] j.LocalContainerEntityManagerFactoryBean : Closing JPA EntityManagerFactory for persistence unit 'default'
2022-05-17 15:52:32.959  INFO 5876 --- [main] .SchemaDropperImpl$DelayedDropActionImpl : HHH000477: Starting delayed evictData of schema as part of SessionFactory shut-down'
2022-05-17 15:52:32.967  INFO 5876 --- [main] com.zaxxer.hikari.HikariDataSource       : HikariPool-1 - Shutdown initiated...
2022-05-17 15:52:32.969  INFO 5876 --- [main] com.zaxxer.hikari.HikariDataSource       : HikariPool-1 - Shutdown completed.
2022-05-17 15:52:32.971  INFO 5876 --- [main] o.apache.catalina.core.StandardService   : Stopping service [Tomcat]
2022-05-17 15:52:32.982  INFO 5876 --- [main] ConditionEvaluationReportLoggingListener : 

Error starting ApplicationContext. To display the conditions report re-run your application with 'debug' enabled.
2022-05-17 15:52:32.999 ERROR 5876 --- [main] o.s.boot.SpringApplication               : Application run failed

org.springframework.beans.factory.BeanCreationException: Error creating bean with name 'requestMappingHandlerMapping' defined in class path resource [org/springframework/boot/autoconfigure/web/servlet/WebMvcAutoConfiguration$EnableWebMvcConfiguration.class]: Invocation of init method failed; nested exception is java.lang.IllegalStateException: Ambiguous mapping. Cannot map 'personsByStationController' method 
com.safetynet.safetynetalert.web.controller.alert.PersonsByStationController#getPersonByFireStation(long)
to {GET [/firestation]}: There is already 'fireStationsController' bean method
com.safetynet.safetynetalert.web.controller.FireStationsController#getFireStations() mapped.
	at org.springframework.beans.factory.support.AbstractAutowireCapableBeanFactory.initializeBean(AbstractAutowireCapableBeanFactory.java:1786) ~[spring-beans-5.3.9.jar:5.3.9]
	at org.springframework.beans.factory.support.AbstractAutowireCapableBeanFactory.doCreateBean(AbstractAutowireCapableBeanFactory.java:602) ~[spring-beans-5.3.9.jar:5.3.9]
	at org.springframework.beans.factory.support.AbstractAutowireCapableBeanFactory.createBean(AbstractAutowireCapableBeanFactory.java:524) ~[spring-beans-5.3.9.jar:5.3.9]
	at org.springframework.beans.factory.support.AbstractBeanFactory.lambda$doGetBean$0(AbstractBeanFactory.java:335) ~[spring-beans-5.3.9.jar:5.3.9]
	at org.springframework.beans.factory.support.DefaultSingletonBeanRegistry.getSingleton(DefaultSingletonBeanRegistry.java:234) ~[spring-beans-5.3.9.jar:5.3.9]
	at org.springframework.beans.factory.support.AbstractBeanFactory.doGetBean(AbstractBeanFactory.java:333) ~[spring-beans-5.3.9.jar:5.3.9]
	at org.springframework.beans.factory.support.AbstractBeanFactory.getBean(AbstractBeanFactory.java:208) ~[spring-beans-5.3.9.jar:5.3.9]
	at org.springframework.beans.factory.support.DefaultListableBeanFactory.preInstantiateSingletons(DefaultListableBeanFactory.java:944) ~[spring-beans-5.3.9.jar:5.3.9]
	at org.springframework.context.support.AbstractApplicationContext.finishBeanFactoryInitialization(AbstractApplicationContext.java:918) ~[spring-context-5.3.9.jar:5.3.9]
	at org.springframework.context.support.AbstractApplicationContext.refresh(AbstractApplicationContext.java:583) ~[spring-context-5.3.9.jar:5.3.9]
	at org.springframework.boot.web.servlet.context.ServletWebServerApplicationContext.refresh(ServletWebServerApplicationContext.java:145) ~[spring-boot-2.5.3.jar:2.5.3]
	at org.springframework.boot.SpringApplication.refresh(SpringApplication.java:754) ~[spring-boot-2.5.3.jar:2.5.3]
	at org.springframework.boot.SpringApplication.refreshContext(SpringApplication.java:434) ~[spring-boot-2.5.3.jar:2.5.3]
	at org.springframework.boot.SpringApplication.run(SpringApplication.java:338) ~[spring-boot-2.5.3.jar:2.5.3]
	at org.springframework.boot.SpringApplication.run(SpringApplication.java:1343) ~[spring-boot-2.5.3.jar:2.5.3]
	at org.springframework.boot.SpringApplication.run(SpringApplication.java:1332) ~[spring-boot-2.5.3.jar:2.5.3]
	at com.safetynet.safetynetalert.SafetyNetAlertApplication.main(SafetyNetAlertApplication.java:34) ~[classes/:na]
Caused by: java.lang.IllegalStateException: Ambiguous mapping. Cannot map 'personsByStationController' method 
com.safetynet.safetynetalert.web.controller.alert.PersonsByStationController#getPersonByFireStation(long)
to {GET [/firestation]}: There is already 'fireStationsController' bean method
com.safetynet.safetynetalert.web.controller.FireStationsController#getFireStations() mapped.
	at org.springframework.web.servlet.handler.AbstractHandlerMethodMapping$MappingRegistry.validateMethodMapping(AbstractHandlerMethodMapping.java:665) ~[spring-webmvc-5.3.9.jar:5.3.9]
	at org.springframework.web.servlet.handler.AbstractHandlerMethodMapping$MappingRegistry.register(AbstractHandlerMethodMapping.java:631) ~[spring-webmvc-5.3.9.jar:5.3.9]
	at org.springframework.web.servlet.handler.AbstractHandlerMethodMapping.registerHandlerMethod(AbstractHandlerMethodMapping.java:328) ~[spring-webmvc-5.3.9.jar:5.3.9]
	at org.springframework.web.servlet.mvc.method.annotation.RequestMappingHandlerMapping.registerHandlerMethod(RequestMappingHandlerMapping.java:395) ~[spring-webmvc-5.3.9.jar:5.3.9]
	at org.springframework.web.servlet.mvc.method.annotation.RequestMappingHandlerMapping.registerHandlerMethod(RequestMappingHandlerMapping.java:76) ~[spring-webmvc-5.3.9.jar:5.3.9]
	at org.springframework.web.servlet.handler.AbstractHandlerMethodMapping.lambda$detectHandlerMethods$2(AbstractHandlerMethodMapping.java:298) ~[spring-webmvc-5.3.9.jar:5.3.9]
	at java.base/java.util.LinkedHashMap.forEach(LinkedHashMap.java:723) ~[na:na]
	at org.springframework.web.servlet.handler.AbstractHandlerMethodMapping.detectHandlerMethods(AbstractHandlerMethodMapping.java:296) ~[spring-webmvc-5.3.9.jar:5.3.9]
	at org.springframework.web.servlet.handler.AbstractHandlerMethodMapping.processCandidateBean(AbstractHandlerMethodMapping.java:265) ~[spring-webmvc-5.3.9.jar:5.3.9]
	at org.springframework.web.servlet.handler.AbstractHandlerMethodMapping.initHandlerMethods(AbstractHandlerMethodMapping.java:224) ~[spring-webmvc-5.3.9.jar:5.3.9]
	at org.springframework.web.servlet.handler.AbstractHandlerMethodMapping.afterPropertiesSet(AbstractHandlerMethodMapping.java:212) ~[spring-webmvc-5.3.9.jar:5.3.9]
	at org.springframework.web.servlet.mvc.method.annotation.RequestMappingHandlerMapping.afterPropertiesSet(RequestMappingHandlerMapping.java:206) ~[spring-webmvc-5.3.9.jar:5.3.9]
	at org.springframework.beans.factory.support.AbstractAutowireCapableBeanFactory.invokeInitMethods(AbstractAutowireCapableBeanFactory.java:1845) ~[spring-beans-5.3.9.jar:5.3.9]
	at org.springframework.beans.factory.support.AbstractAutowireCapableBeanFactory.initializeBean(AbstractAutowireCapableBeanFactory.java:1782) ~[spring-beans-5.3.9.jar:5.3.9]
	... 16 common frames omitted

2022-05-17 15:52:58.887  INFO 1840 --- [main] c.s.s.SafetyNetAlertApplication          : Starting SafetyNetAlertApplication using Java 15.0.1 on DESKTOP-58NAON3 with PID 1840 (C:\Users\Myohres\Documents\Formation\P5\SafetyNetAlert\target\classes started by Myohres in C:\Users\Myohres\Documents\Formation\P5\SafetyNetAlert)
2022-05-17 15:52:58.889  INFO 1840 --- [main] c.s.s.SafetyNetAlertApplication          : No active profile set, falling back to default profiles: default
2022-05-17 15:52:59.605  INFO 1840 --- [main] .s.d.r.c.RepositoryConfigurationDelegate : Bootstrapping Spring Data JPA repositories in DEFAULT mode.
2022-05-17 15:52:59.690  INFO 1840 --- [main] .s.d.r.c.RepositoryConfigurationDelegate : Finished Spring Data repository scanning in 77 ms. Found 3 JPA repository interfaces.
2022-05-17 15:53:00.031  INFO 1840 --- [main] o.s.b.w.embedded.tomcat.TomcatWebServer  : Tomcat initialized with port(s): 8080 (http)
2022-05-17 15:53:00.037  INFO 1840 --- [main] o.apache.catalina.core.StandardService   : Starting service [Tomcat]
2022-05-17 15:53:00.037  INFO 1840 --- [main] org.apache.catalina.core.StandardEngine  : Starting Servlet engine: [Apache Tomcat/9.0.50]
2022-05-17 15:53:00.232  INFO 1840 --- [main] o.a.c.c.C.[Tomcat].[localhost].[/]       : Initializing Spring embedded WebApplicationContext
2022-05-17 15:53:00.233  INFO 1840 --- [main] w.s.c.ServletWebServerApplicationContext : Root WebApplicationContext: initialization completed in 1301 ms
2022-05-17 15:53:00.305  INFO 1840 --- [main] com.zaxxer.hikari.HikariDataSource       : HikariPool-1 - Starting...
2022-05-17 15:53:00.372  INFO 1840 --- [main] com.zaxxer.hikari.HikariDataSource       : HikariPool-1 - Start completed.
2022-05-17 15:53:00.375  INFO 1840 --- [main] o.s.b.a.h2.H2ConsoleAutoConfiguration    : H2 console available at '/h2-console'. Database available at 'jdbc:h2:mem:safetynetAlert'
2022-05-17 15:53:00.524  INFO 1840 --- [main] o.hibernate.jpa.internal.util.LogHelper  : HHH000204: Processing PersistenceUnitInfo [name: default]
2022-05-17 15:53:00.557  INFO 1840 --- [main] org.hibernate.Version                    : HHH000412: Hibernate ORM core version 5.4.32.Final
2022-05-17 15:53:00.653  INFO 1840 --- [main] o.hibernate.annotations.common.Version   : HCANN000001: Hibernate Commons Annotations {5.1.2.Final}
2022-05-17 15:53:00.738  INFO 1840 --- [main] org.hibernate.dialect.Dialect            : HHH000400: Using dialect: org.hibernate.dialect.H2Dialect
2022-05-17 15:53:01.157  INFO 1840 --- [main] o.h.e.t.j.p.i.JtaPlatformInitiator       : HHH000490: Using JtaPlatform implementation: [org.hibernate.engine.transaction.jta.platform.internal.NoJtaPlatform]
2022-05-17 15:53:01.164  INFO 1840 --- [main] j.LocalContainerEntityManagerFactoryBean : Initialized JPA EntityManagerFactory for persistence unit 'default'
2022-05-17 15:53:01.427  WARN 1840 --- [main] JpaBaseConfiguration$JpaWebConfiguration : spring.jpa.open-in-view is enabled by default. Therefore, database queries may be performed during view rendering. Explicitly configure spring.jpa.open-in-view to disable this warning
2022-05-17 15:53:01.538  WARN 1840 --- [main] ConfigServletWebServerApplicationContext : Exception encountered during context initialization - cancelling refresh attempt: org.springframework.beans.factory.BeanCreationException: Error creating bean with name 'requestMappingHandlerMapping' defined in class path resource [org/springframework/boot/autoconfigure/web/servlet/WebMvcAutoConfiguration$EnableWebMvcConfiguration.class]: Invocation of init method failed; nested exception is java.lang.IllegalStateException: Ambiguous mapping. Cannot map 'personsByStationController' method 
com.safetynet.safetynetalert.web.controller.alert.PersonsByStationController#getPersonByFireStation(long)
to {GET [/firestation]}: There is already 'fireStationsController' bean method
com.safetynet.safetynetalert.web.controller.FireStationsController#getFireStations() mapped.
2022-05-17 15:53:01.540  INFO 1840 --- [main] j.LocalContainerEntityManagerFactoryBean : Closing JPA EntityManagerFactory for persistence unit 'default'
2022-05-17 15:53:01.540  INFO 1840 --- [main] .SchemaDropperImpl$DelayedDropActionImpl : HHH000477: Starting delayed evictData of schema as part of SessionFactory shut-down'
2022-05-17 15:53:01.545  INFO 1840 --- [main] com.zaxxer.hikari.HikariDataSource       : HikariPool-1 - Shutdown initiated...
2022-05-17 15:53:01.547  INFO 1840 --- [main] com.zaxxer.hikari.HikariDataSource       : HikariPool-1 - Shutdown completed.
2022-05-17 15:53:01.549  INFO 1840 --- [main] o.apache.catalina.core.StandardService   : Stopping service [Tomcat]
2022-05-17 15:53:01.561  INFO 1840 --- [main] ConditionEvaluationReportLoggingListener : 

Error starting ApplicationContext. To display the conditions report re-run your application with 'debug' enabled.
2022-05-17 15:53:01.575 ERROR 1840 --- [main] o.s.boot.SpringApplication               : Application run failed

org.springframework.beans.factory.BeanCreationException: Error creating bean with name 'requestMappingHandlerMapping' defined in class path resource [org/springframework/boot/autoconfigure/web/servlet/WebMvcAutoConfiguration$EnableWebMvcConfiguration.class]: Invocation of init method failed; nested exception is java.lang.IllegalStateException: Ambiguous mapping. Cannot map 'personsByStationController' method 
com.safetynet.safetynetalert.web.controller.alert.PersonsByStationController#getPersonByFireStation(long)
to {GET [/firestation]}: There is already 'fireStationsController' bean method
com.safetynet.safetynetalert.web.controller.FireStationsController#getFireStations() mapped.
	at org.springframework.beans.factory.support.AbstractAutowireCapableBeanFactory.initializeBean(AbstractAutowireCapableBeanFactory.java:1786) ~[spring-beans-5.3.9.jar:5.3.9]
	at org.springframework.beans.factory.support.AbstractAutowireCapableBeanFactory.doCreateBean(AbstractAutowireCapableBeanFactory.java:602) ~[spring-beans-5.3.9.jar:5.3.9]
	at org.springframework.beans.factory.support.AbstractAutowireCapableBeanFactory.createBean(AbstractAutowireCapableBeanFactory.java:524) ~[spring-beans-5.3.9.jar:5.3.9]
	at org.springframework.beans.factory.support.AbstractBeanFactory.lambda$doGetBean$0(AbstractBeanFactory.java:335) ~[spring-beans-5.3.9.jar:5.3.9]
	at org.springframework.beans.factory.support.DefaultSingletonBeanRegistry.getSingleton(DefaultSingletonBeanRegistry.java:234) ~[spring-beans-5.3.9.jar:5.3.9]
	at org.springframework.beans.factory.support.AbstractBeanFactory.doGetBean(AbstractBeanFactory.java:333) ~[spring-beans-5.3.9.jar:5.3.9]
	at org.springframework.beans.factory.support.AbstractBeanFactory.getBean(AbstractBeanFactory.java:208) ~[spring-beans-5.3.9.jar:5.3.9]
	at org.springframework.beans.factory.support.DefaultListableBeanFactory.preInstantiateSingletons(DefaultListableBeanFactory.java:944) ~[spring-beans-5.3.9.jar:5.3.9]
	at org.springframework.context.support.AbstractApplicationContext.finishBeanFactoryInitialization(AbstractApplicationContext.java:918) ~[spring-context-5.3.9.jar:5.3.9]
	at org.springframework.context.support.AbstractApplicationContext.refresh(AbstractApplicationContext.java:583) ~[spring-context-5.3.9.jar:5.3.9]
	at org.springframework.boot.web.servlet.context.ServletWebServerApplicationContext.refresh(ServletWebServerApplicationContext.java:145) ~[spring-boot-2.5.3.jar:2.5.3]
	at org.springframework.boot.SpringApplication.refresh(SpringApplication.java:754) ~[spring-boot-2.5.3.jar:2.5.3]
	at org.springframework.boot.SpringApplication.refreshContext(SpringApplication.java:434) ~[spring-boot-2.5.3.jar:2.5.3]
	at org.springframework.boot.SpringApplication.run(SpringApplication.java:338) ~[spring-boot-2.5.3.jar:2.5.3]
	at org.springframework.boot.SpringApplication.run(SpringApplication.java:1343) ~[spring-boot-2.5.3.jar:2.5.3]
	at org.springframework.boot.SpringApplication.run(SpringApplication.java:1332) ~[spring-boot-2.5.3.jar:2.5.3]
	at com.safetynet.safetynetalert.SafetyNetAlertApplication.main(SafetyNetAlertApplication.java:34) ~[classes/:na]
Caused by: java.lang.IllegalStateException: Ambiguous mapping. Cannot map 'personsByStationController' method 
com.safetynet.safetynetalert.web.controller.alert.PersonsByStationController#getPersonByFireStation(long)
to {GET [/firestation]}: There is already 'fireStationsController' bean method
com.safetynet.safetynetalert.web.controller.FireStationsController#getFireStations() mapped.
	at org.springframework.web.servlet.handler.AbstractHandlerMethodMapping$MappingRegistry.validateMethodMapping(AbstractHandlerMethodMapping.java:665) ~[spring-webmvc-5.3.9.jar:5.3.9]
	at org.springframework.web.servlet.handler.AbstractHandlerMethodMapping$MappingRegistry.register(AbstractHandlerMethodMapping.java:631) ~[spring-webmvc-5.3.9.jar:5.3.9]
	at org.springframework.web.servlet.handler.AbstractHandlerMethodMapping.registerHandlerMethod(AbstractHandlerMethodMapping.java:328) ~[spring-webmvc-5.3.9.jar:5.3.9]
	at org.springframework.web.servlet.mvc.method.annotation.RequestMappingHandlerMapping.registerHandlerMethod(RequestMappingHandlerMapping.java:395) ~[spring-webmvc-5.3.9.jar:5.3.9]
	at org.springframework.web.servlet.mvc.method.annotation.RequestMappingHandlerMapping.registerHandlerMethod(RequestMappingHandlerMapping.java:76) ~[spring-webmvc-5.3.9.jar:5.3.9]
	at org.springframework.web.servlet.handler.AbstractHandlerMethodMapping.lambda$detectHandlerMethods$2(AbstractHandlerMethodMapping.java:298) ~[spring-webmvc-5.3.9.jar:5.3.9]
	at java.base/java.util.LinkedHashMap.forEach(LinkedHashMap.java:723) ~[na:na]
	at org.springframework.web.servlet.handler.AbstractHandlerMethodMapping.detectHandlerMethods(AbstractHandlerMethodMapping.java:296) ~[spring-webmvc-5.3.9.jar:5.3.9]
	at org.springframework.web.servlet.handler.AbstractHandlerMethodMapping.processCandidateBean(AbstractHandlerMethodMapping.java:265) ~[spring-webmvc-5.3.9.jar:5.3.9]
	at org.springframework.web.servlet.handler.AbstractHandlerMethodMapping.initHandlerMethods(AbstractHandlerMethodMapping.java:224) ~[spring-webmvc-5.3.9.jar:5.3.9]
	at org.springframework.web.servlet.handler.AbstractHandlerMethodMapping.afterPropertiesSet(AbstractHandlerMethodMapping.java:212) ~[spring-webmvc-5.3.9.jar:5.3.9]
	at org.springframework.web.servlet.mvc.method.annotation.RequestMappingHandlerMapping.afterPropertiesSet(RequestMappingHandlerMapping.java:206) ~[spring-webmvc-5.3.9.jar:5.3.9]
	at org.springframework.beans.factory.support.AbstractAutowireCapableBeanFactory.invokeInitMethods(AbstractAutowireCapableBeanFactory.java:1845) ~[spring-beans-5.3.9.jar:5.3.9]
	at org.springframework.beans.factory.support.AbstractAutowireCapableBeanFactory.initializeBean(AbstractAutowireCapableBeanFactory.java:1782) ~[spring-beans-5.3.9.jar:5.3.9]
	... 16 common frames omitted

2022-05-17 15:53:32.183  INFO 8604 --- [main] c.s.s.SafetyNetAlertApplication          : Starting SafetyNetAlertApplication using Java 15.0.1 on DESKTOP-58NAON3 with PID 8604 (C:\Users\Myohres\Documents\Formation\P5\SafetyNetAlert\target\classes started by Myohres in C:\Users\Myohres\Documents\Formation\P5\SafetyNetAlert)
2022-05-17 15:53:32.185  INFO 8604 --- [main] c.s.s.SafetyNetAlertApplication          : No active profile set, falling back to default profiles: default
2022-05-17 15:53:32.834  INFO 8604 --- [main] .s.d.r.c.RepositoryConfigurationDelegate : Bootstrapping Spring Data JPA repositories in DEFAULT mode.
2022-05-17 15:53:32.907  INFO 8604 --- [main] .s.d.r.c.RepositoryConfigurationDelegate : Finished Spring Data repository scanning in 68 ms. Found 3 JPA repository interfaces.
2022-05-17 15:53:33.266  INFO 8604 --- [main] o.s.b.w.embedded.tomcat.TomcatWebServer  : Tomcat initialized with port(s): 8080 (http)
2022-05-17 15:53:33.274  INFO 8604 --- [main] o.apache.catalina.core.StandardService   : Starting service [Tomcat]
2022-05-17 15:53:33.274  INFO 8604 --- [main] org.apache.catalina.core.StandardEngine  : Starting Servlet engine: [Apache Tomcat/9.0.50]
2022-05-17 15:53:33.479  INFO 8604 --- [main] o.a.c.c.C.[Tomcat].[localhost].[/]       : Initializing Spring embedded WebApplicationContext
2022-05-17 15:53:33.480  INFO 8604 --- [main] w.s.c.ServletWebServerApplicationContext : Root WebApplicationContext: initialization completed in 1270 ms
2022-05-17 15:53:33.553  INFO 8604 --- [main] com.zaxxer.hikari.HikariDataSource       : HikariPool-1 - Starting...
2022-05-17 15:53:33.621  INFO 8604 --- [main] com.zaxxer.hikari.HikariDataSource       : HikariPool-1 - Start completed.
2022-05-17 15:53:33.625  INFO 8604 --- [main] o.s.b.a.h2.H2ConsoleAutoConfiguration    : H2 console available at '/h2-console'. Database available at 'jdbc:h2:mem:safetynetAlert'
2022-05-17 15:53:33.774  INFO 8604 --- [main] o.hibernate.jpa.internal.util.LogHelper  : HHH000204: Processing PersistenceUnitInfo [name: default]
2022-05-17 15:53:33.807  INFO 8604 --- [main] org.hibernate.Version                    : HHH000412: Hibernate ORM core version 5.4.32.Final
2022-05-17 15:53:33.888  INFO 8604 --- [main] o.hibernate.annotations.common.Version   : HCANN000001: Hibernate Commons Annotations {5.1.2.Final}
2022-05-17 15:53:33.989  INFO 8604 --- [main] org.hibernate.dialect.Dialect            : HHH000400: Using dialect: org.hibernate.dialect.H2Dialect
2022-05-17 15:53:34.439  INFO 8604 --- [main] o.h.e.t.j.p.i.JtaPlatformInitiator       : HHH000490: Using JtaPlatform implementation: [org.hibernate.engine.transaction.jta.platform.internal.NoJtaPlatform]
2022-05-17 15:53:34.446  INFO 8604 --- [main] j.LocalContainerEntityManagerFactoryBean : Initialized JPA EntityManagerFactory for persistence unit 'default'
2022-05-17 15:53:34.727  WARN 8604 --- [main] JpaBaseConfiguration$JpaWebConfiguration : spring.jpa.open-in-view is enabled by default. Therefore, database queries may be performed during view rendering. Explicitly configure spring.jpa.open-in-view to disable this warning
2022-05-17 15:53:35.042  INFO 8604 --- [main] o.s.b.a.e.web.EndpointLinksResolver      : Exposing 4 endpoint(s) beneath base path '/actuator'
2022-05-17 15:53:35.077  INFO 8604 --- [main] o.s.b.w.embedded.tomcat.TomcatWebServer  : Tomcat started on port(s): 8080 (http) with context path ''
2022-05-17 15:53:35.088  INFO 8604 --- [main] c.s.s.SafetyNetAlertApplication          : Started SafetyNetAlertApplication in 3.182 seconds (JVM running for 3.87)
2022-05-17 15:53:36.532  INFO 8604 --- [RMI TCP Connection(4)-192.168.1.20] o.a.c.c.C.[Tomcat].[localhost].[/]       : Initializing Spring DispatcherServlet 'dispatcherServlet'
2022-05-17 15:53:36.532  INFO 8604 --- [RMI TCP Connection(4)-192.168.1.20] o.s.web.servlet.DispatcherServlet        : Initializing Servlet 'dispatcherServlet'
2022-05-17 15:53:36.534  INFO 8604 --- [RMI TCP Connection(4)-192.168.1.20] o.s.web.servlet.DispatcherServlet        : Completed initialization in 1 ms
2022-05-17 16:04:43.148  INFO 19268 --- [main] c.s.s.SafetyNetAlertApplication          : Starting SafetyNetAlertApplication using Java 15.0.1 on DESKTOP-58NAON3 with PID 19268 (C:\Users\Myohres\Documents\Formation\P5\SafetyNetAlert\target\classes started by Myohres in C:\Users\Myohres\Documents\Formation\P5\SafetyNetAlert)
2022-05-17 16:04:43.150  INFO 19268 --- [main] c.s.s.SafetyNetAlertApplication          : No active profile set, falling back to default profiles: default
2022-05-17 16:04:43.825  INFO 19268 --- [main] .s.d.r.c.RepositoryConfigurationDelegate : Bootstrapping Spring Data JPA repositories in DEFAULT mode.
2022-05-17 16:04:43.904  INFO 19268 --- [main] .s.d.r.c.RepositoryConfigurationDelegate : Finished Spring Data repository scanning in 72 ms. Found 3 JPA repository interfaces.
2022-05-17 16:04:44.259  INFO 19268 --- [main] o.s.b.w.embedded.tomcat.TomcatWebServer  : Tomcat initialized with port(s): 8080 (http)
2022-05-17 16:04:44.265  INFO 19268 --- [main] o.apache.catalina.core.StandardService   : Starting service [Tomcat]
2022-05-17 16:04:44.265  INFO 19268 --- [main] org.apache.catalina.core.StandardEngine  : Starting Servlet engine: [Apache Tomcat/9.0.50]
2022-05-17 16:04:44.454  INFO 19268 --- [main] o.a.c.c.C.[Tomcat].[localhost].[/]       : Initializing Spring embedded WebApplicationContext
2022-05-17 16:04:44.454  INFO 19268 --- [main] w.s.c.ServletWebServerApplicationContext : Root WebApplicationContext: initialization completed in 1278 ms
2022-05-17 16:04:44.525  INFO 19268 --- [main] com.zaxxer.hikari.HikariDataSource       : HikariPool-1 - Starting...
2022-05-17 16:04:44.592  INFO 19268 --- [main] com.zaxxer.hikari.HikariDataSource       : HikariPool-1 - Start completed.
2022-05-17 16:04:44.596  INFO 19268 --- [main] o.s.b.a.h2.H2ConsoleAutoConfiguration    : H2 console available at '/h2-console'. Database available at 'jdbc:h2:mem:safetynetAlert'
2022-05-17 16:04:44.743  INFO 19268 --- [main] o.hibernate.jpa.internal.util.LogHelper  : HHH000204: Processing PersistenceUnitInfo [name: default]
2022-05-17 16:04:44.775  INFO 19268 --- [main] org.hibernate.Version                    : HHH000412: Hibernate ORM core version 5.4.32.Final
2022-05-17 16:04:44.853  INFO 19268 --- [main] o.hibernate.annotations.common.Version   : HCANN000001: Hibernate Commons Annotations {5.1.2.Final}
2022-05-17 16:04:44.931  INFO 19268 --- [main] org.hibernate.dialect.Dialect            : HHH000400: Using dialect: org.hibernate.dialect.H2Dialect
2022-05-17 16:04:45.342  INFO 19268 --- [main] o.h.e.t.j.p.i.JtaPlatformInitiator       : HHH000490: Using JtaPlatform implementation: [org.hibernate.engine.transaction.jta.platform.internal.NoJtaPlatform]
2022-05-17 16:04:45.348  INFO 19268 --- [main] j.LocalContainerEntityManagerFactoryBean : Initialized JPA EntityManagerFactory for persistence unit 'default'
2022-05-17 16:04:45.612  WARN 19268 --- [main] JpaBaseConfiguration$JpaWebConfiguration : spring.jpa.open-in-view is enabled by default. Therefore, database queries may be performed during view rendering. Explicitly configure spring.jpa.open-in-view to disable this warning
2022-05-17 16:04:45.913  INFO 19268 --- [main] o.s.b.a.e.web.EndpointLinksResolver      : Exposing 4 endpoint(s) beneath base path '/actuator'
2022-05-17 16:04:45.956  INFO 19268 --- [main] o.s.b.w.embedded.tomcat.TomcatWebServer  : Tomcat started on port(s): 8080 (http) with context path ''
2022-05-17 16:04:45.967  INFO 19268 --- [main] c.s.s.SafetyNetAlertApplication          : Started SafetyNetAlertApplication in 3.101 seconds (JVM running for 3.799)
2022-05-17 16:04:46.425  INFO 19268 --- [RMI TCP Connection(2)-192.168.1.20] o.a.c.c.C.[Tomcat].[localhost].[/]       : Initializing Spring DispatcherServlet 'dispatcherServlet'
2022-05-17 16:04:46.425  INFO 19268 --- [RMI TCP Connection(2)-192.168.1.20] o.s.web.servlet.DispatcherServlet        : Initializing Servlet 'dispatcherServlet'
2022-05-17 16:04:46.426  INFO 19268 --- [RMI TCP Connection(2)-192.168.1.20] o.s.web.servlet.DispatcherServlet        : Completed initialization in 1 ms
2022-05-17 16:11:58.112  INFO 19268 --- [http-nio-8080-exec-2] c.s.s.w.c.FireStationController          : GET
2022-05-17 16:12:22.450  INFO 19268 --- [http-nio-8080-exec-3] c.s.s.w.c.FireStationController          : GET/id/1
2022-05-17 16:12:35.747  INFO 19268 --- [http-nio-8080-exec-4] c.s.s.w.c.FireStationController          : GET/address 1509 Culver St
2022-05-17 16:12:43.350  INFO 19268 --- [http-nio-8080-exec-5] c.s.s.w.c.FireStationController          : POST/station
2022-05-17 16:25:27.272  INFO 19268 --- [http-nio-8080-exec-8] c.s.s.w.c.FireStationController          : PUT/oldId/1/newId/2
2022-05-17 16:25:53.860  INFO 11616 --- [main] c.s.s.SafetyNetAlertApplication          : Starting SafetyNetAlertApplication using Java 15.0.1 on DESKTOP-58NAON3 with PID 11616 (C:\Users\Myohres\Documents\Formation\P5\SafetyNetAlert\target\classes started by Myohres in C:\Users\Myohres\Documents\Formation\P5\SafetyNetAlert)
2022-05-17 16:25:53.862  INFO 11616 --- [main] c.s.s.SafetyNetAlertApplication          : No active profile set, falling back to default profiles: default
2022-05-17 16:25:54.547  INFO 11616 --- [main] .s.d.r.c.RepositoryConfigurationDelegate : Bootstrapping Spring Data JPA repositories in DEFAULT mode.
2022-05-17 16:25:54.622  INFO 11616 --- [main] .s.d.r.c.RepositoryConfigurationDelegate : Finished Spring Data repository scanning in 68 ms. Found 3 JPA repository interfaces.
2022-05-17 16:25:54.956  INFO 11616 --- [main] o.s.b.w.embedded.tomcat.TomcatWebServer  : Tomcat initialized with port(s): 8080 (http)
2022-05-17 16:25:54.961  INFO 11616 --- [main] o.apache.catalina.core.StandardService   : Starting service [Tomcat]
2022-05-17 16:25:54.961  INFO 11616 --- [main] org.apache.catalina.core.StandardEngine  : Starting Servlet engine: [Apache Tomcat/9.0.50]
2022-05-17 16:25:55.150  INFO 11616 --- [main] o.a.c.c.C.[Tomcat].[localhost].[/]       : Initializing Spring embedded WebApplicationContext
2022-05-17 16:25:55.151  INFO 11616 --- [main] w.s.c.ServletWebServerApplicationContext : Root WebApplicationContext: initialization completed in 1257 ms
2022-05-17 16:25:55.219  INFO 11616 --- [main] com.zaxxer.hikari.HikariDataSource       : HikariPool-1 - Starting...
2022-05-17 16:25:55.284  INFO 11616 --- [main] com.zaxxer.hikari.HikariDataSource       : HikariPool-1 - Start completed.
2022-05-17 16:25:55.289  INFO 11616 --- [main] o.s.b.a.h2.H2ConsoleAutoConfiguration    : H2 console available at '/h2-console'. Database available at 'jdbc:h2:mem:safetynetAlert'
2022-05-17 16:25:55.431  INFO 11616 --- [main] o.hibernate.jpa.internal.util.LogHelper  : HHH000204: Processing PersistenceUnitInfo [name: default]
2022-05-17 16:25:55.463  INFO 11616 --- [main] org.hibernate.Version                    : HHH000412: Hibernate ORM core version 5.4.32.Final
2022-05-17 16:25:55.540  INFO 11616 --- [main] o.hibernate.annotations.common.Version   : HCANN000001: Hibernate Commons Annotations {5.1.2.Final}
2022-05-17 16:25:55.618  INFO 11616 --- [main] org.hibernate.dialect.Dialect            : HHH000400: Using dialect: org.hibernate.dialect.H2Dialect
2022-05-17 16:25:56.047  INFO 11616 --- [main] o.h.e.t.j.p.i.JtaPlatformInitiator       : HHH000490: Using JtaPlatform implementation: [org.hibernate.engine.transaction.jta.platform.internal.NoJtaPlatform]
2022-05-17 16:25:56.054  INFO 11616 --- [main] j.LocalContainerEntityManagerFactoryBean : Initialized JPA EntityManagerFactory for persistence unit 'default'
2022-05-17 16:25:56.321  WARN 11616 --- [main] JpaBaseConfiguration$JpaWebConfiguration : spring.jpa.open-in-view is enabled by default. Therefore, database queries may be performed during view rendering. Explicitly configure spring.jpa.open-in-view to disable this warning
2022-05-17 16:25:56.613  INFO 11616 --- [main] o.s.b.a.e.web.EndpointLinksResolver      : Exposing 4 endpoint(s) beneath base path '/actuator'
2022-05-17 16:25:56.648  INFO 11616 --- [main] o.s.b.w.embedded.tomcat.TomcatWebServer  : Tomcat started on port(s): 8080 (http) with context path ''
2022-05-17 16:25:56.660  INFO 11616 --- [main] c.s.s.SafetyNetAlertApplication          : Started SafetyNetAlertApplication in 3.095 seconds (JVM running for 3.767)
2022-05-17 16:25:57.147  INFO 11616 --- [RMI TCP Connection(3)-192.168.1.20] o.a.c.c.C.[Tomcat].[localhost].[/]       : Initializing Spring DispatcherServlet 'dispatcherServlet'
2022-05-17 16:25:57.147  INFO 11616 --- [RMI TCP Connection(3)-192.168.1.20] o.s.web.servlet.DispatcherServlet        : Initializing Servlet 'dispatcherServlet'
2022-05-17 16:25:57.149  INFO 11616 --- [RMI TCP Connection(3)-192.168.1.20] o.s.web.servlet.DispatcherServlet        : Completed initialization in 1 ms
2022-05-17 16:26:21.222  INFO 11616 --- [http-nio-8080-exec-3] c.s.s.w.c.FireStationController          : POST/id/1/address ruetest
2022-05-17 16:26:39.154  INFO 11616 --- [http-nio-8080-exec-5] c.s.s.w.c.FireStationController          : PUT/oldId/1/newId/2/address/ruetest
2022-05-17 16:26:49.050  INFO 11616 --- [http-nio-8080-exec-6] c.s.s.w.c.FireStationController          : PUT/oldId/1/newId/2
2022-05-17 16:27:00.005  INFO 11616 --- [http-nio-8080-exec-7] c.s.s.w.c.FireStationController          : DELETE/id/2
2022-05-17 16:27:12.540  INFO 11616 --- [http-nio-8080-exec-8] c.s.s.w.c.FireStationController          : DELETE/id/5/address 45 rue loi
2022-05-17 16:27:12.544 ERROR 11616 --- [http-nio-8080-exec-8] c.s.s.w.c.FireStationController          : Delete Address error : No Station found with id number : 5
2022-05-17 16:27:24.467  INFO 11616 --- [http-nio-8080-exec-9] c.s.s.w.c.FireStationController          : POST/station
2022-05-17 16:27:38.692  INFO 11616 --- [http-nio-8080-exec-10] c.s.s.w.c.FireStationController          : DELETE/id/5/address 45 rue loi
2022-05-17 16:28:06.337  INFO 11616 --- [http-nio-8080-exec-2] c.s.s.w.c.FireStationController          : DELETE/id/1/addresses
2022-05-17 16:28:06.340 ERROR 11616 --- [http-nio-8080-exec-2] c.s.s.w.c.FireStationController          : Delete All address : No Station found with id number : 1
2022-05-17 16:28:21.432  INFO 11616 --- [http-nio-8080-exec-3] c.s.s.w.c.FireStationController          : GET/id/1
2022-05-17 16:28:21.433 ERROR 11616 --- [http-nio-8080-exec-3] c.s.s.w.c.FireStationController          : GetFireStation error :No Station found with id number : 1
2022-05-17 16:28:32.582  INFO 11616 --- [http-nio-8080-exec-4] c.s.s.w.c.FireStationController          : DELETE/id/5/addresses
2022-05-17 16:29:17.239  INFO 11616 --- [http-nio-8080-exec-5] c.s.s.w.c.MedicalRecordController        : GET
2022-05-17 16:29:24.541  INFO 11616 --- [http-nio-8080-exec-6] c.s.s.w.c.MedicalRecordController        : GET/id/ 1
2022-05-17 16:29:34.850  INFO 11616 --- [http-nio-8080-exec-7] c.s.s.w.c.MedicalRecordController        : GET/lastname/Boyd/firstname/Joh
2022-05-17 16:29:34.859 ERROR 11616 --- [http-nio-8080-exec-7] c.s.s.w.c.MedicalRecordController        : No person found with name : Joh Boyd
2022-05-17 16:29:42.108  INFO 11616 --- [http-nio-8080-exec-8] c.s.s.w.c.MedicalRecordController        : GET/lastname/Boyd/firstname/John
2022-05-17 16:30:12.202  INFO 11616 --- [http-nio-8080-exec-9] c.s.s.w.c.MedicalRecordController        : POST/
2022-05-17 16:31:42.585  INFO 11616 --- [http-nio-8080-exec-1] c.s.s.w.c.MedicalRecordController        : PUT/id/1/medication/1_500g de test
2022-05-17 16:32:16.605  INFO 11616 --- [http-nio-8080-exec-2] c.s.s.w.c.MedicalRecordController        : GET/id/1/allergy/test allergy
2022-05-17 16:32:34.442  INFO 11616 --- [http-nio-8080-exec-3] c.s.s.w.c.MedicalRecordController        : PUT/1
2022-05-17 16:32:48.894  INFO 11616 --- [http-nio-8080-exec-4] c.s.s.w.c.MedicalRecordController        : DELETE/2
2022-05-17 16:33:01.280  INFO 11616 --- [http-nio-8080-exec-5] c.s.s.w.c.MedicalRecordController        : DELETE/lastname/Boyd/firstname/John
2022-05-17 16:33:26.349  INFO 11616 --- [http-nio-8080-exec-6] c.s.s.w.c.MedicalRecordController        : DELETE/id/1/medication/"aznol:350mg"
2022-05-17 16:33:39.404  INFO 11616 --- [http-nio-8080-exec-7] c.s.s.w.c.MedicalRecordController        : DELETE/id/1/allergy/"nillacilan"
2022-05-17 16:33:57.111  INFO 11616 --- [http-nio-8080-exec-8] c.s.s.w.c.MedicalRecordController        : DELETE/id/1/medications
2022-05-17 16:34:04.524  INFO 11616 --- [http-nio-8080-exec-9] c.s.s.w.c.MedicalRecordController        : DELETE/id/1/allergies
2022-05-17 16:35:03.146  INFO 11616 --- [http-nio-8080-exec-10] c.s.s.web.controller.PersonController    : GET/
2022-05-17 16:35:08.560  INFO 11616 --- [http-nio-8080-exec-1] c.s.s.web.controller.PersonController    : GET/id/2
2022-05-17 16:35:14.244  INFO 11616 --- [http-nio-8080-exec-2] c.s.s.web.controller.PersonController    : GET/lastname/Conor/firstname/john
2022-05-17 16:35:14.245 ERROR 11616 --- [http-nio-8080-exec-2] c.s.s.web.controller.PersonController    : GetPersonByName error : No person found with name : john Conor
2022-05-17 16:35:19.394  INFO 11616 --- [http-nio-8080-exec-3] c.s.s.web.controller.PersonController    : GET/address/1509 Culver St
2022-05-17 16:35:23.320  INFO 11616 --- [http-nio-8080-exec-4] c.s.s.web.controller.PersonController    : POST/com.safetynet.safetynetalert.entity.PersonEntity@2efd9a67
2022-05-17 16:35:27.711  INFO 11616 --- [http-nio-8080-exec-5] c.s.s.web.controller.PersonController    : PUT/com.safetynet.safetynetalert.entity.PersonEntity@2a6dc0d0
2022-05-17 16:35:34.455  INFO 11616 --- [http-nio-8080-exec-6] c.s.s.web.controller.PersonController    : DELETE/persons/id/ 1
2022-05-17 16:36:32.248  INFO 11616 --- [http-nio-8080-exec-7] c.s.s.w.c.FireStationController          : GET
2022-05-17 16:36:54.688  INFO 11616 --- [http-nio-8080-exec-8] c.s.s.w.c.a.PersonByStationController    : GET/fireStation/2
2022-05-17 16:36:54.690 ERROR 11616 --- [http-nio-8080-exec-8] c.s.s.w.c.a.PersonByStationController    : Get Persons by fireStation error : No Station found with id number : 2
2022-05-17 16:37:05.395  INFO 11616 --- [http-nio-8080-exec-9] c.s.s.w.c.a.PersonByStationController    : GET/fireStation/1
2022-05-17 16:37:05.396 ERROR 11616 --- [http-nio-8080-exec-9] c.s.s.w.c.a.PersonByStationController    : Get Persons by fireStation error : No Station found with id number : 1
2022-05-17 16:37:15.507  INFO 11616 --- [http-nio-8080-exec-10] c.s.s.w.c.a.PersonByStationController    : GET/fireStation/3
2022-05-17 16:37:28.954  INFO 2732 --- [main] c.s.s.SafetyNetAlertApplication          : Starting SafetyNetAlertApplication using Java 15.0.1 on DESKTOP-58NAON3 with PID 2732 (C:\Users\Myohres\Documents\Formation\P5\SafetyNetAlert\target\classes started by Myohres in C:\Users\Myohres\Documents\Formation\P5\SafetyNetAlert)
2022-05-17 16:37:28.956  INFO 2732 --- [main] c.s.s.SafetyNetAlertApplication          : No active profile set, falling back to default profiles: default
2022-05-17 16:37:29.653  INFO 2732 --- [main] .s.d.r.c.RepositoryConfigurationDelegate : Bootstrapping Spring Data JPA repositories in DEFAULT mode.
2022-05-17 16:37:29.727  INFO 2732 --- [main] .s.d.r.c.RepositoryConfigurationDelegate : Finished Spring Data repository scanning in 67 ms. Found 3 JPA repository interfaces.
2022-05-17 16:37:30.062  INFO 2732 --- [main] o.s.b.w.embedded.tomcat.TomcatWebServer  : Tomcat initialized with port(s): 8080 (http)
2022-05-17 16:37:30.068  INFO 2732 --- [main] o.apache.catalina.core.StandardService   : Starting service [Tomcat]
2022-05-17 16:37:30.068  INFO 2732 --- [main] org.apache.catalina.core.StandardEngine  : Starting Servlet engine: [Apache Tomcat/9.0.50]
2022-05-17 16:37:30.259  INFO 2732 --- [main] o.a.c.c.C.[Tomcat].[localhost].[/]       : Initializing Spring embedded WebApplicationContext
2022-05-17 16:37:30.259  INFO 2732 --- [main] w.s.c.ServletWebServerApplicationContext : Root WebApplicationContext: initialization completed in 1261 ms
2022-05-17 16:37:30.327  INFO 2732 --- [main] com.zaxxer.hikari.HikariDataSource       : HikariPool-1 - Starting...
2022-05-17 16:37:30.392  INFO 2732 --- [main] com.zaxxer.hikari.HikariDataSource       : HikariPool-1 - Start completed.
2022-05-17 16:37:30.396  INFO 2732 --- [main] o.s.b.a.h2.H2ConsoleAutoConfiguration    : H2 console available at '/h2-console'. Database available at 'jdbc:h2:mem:safetynetAlert'
2022-05-17 16:37:30.544  INFO 2732 --- [main] o.hibernate.jpa.internal.util.LogHelper  : HHH000204: Processing PersistenceUnitInfo [name: default]
2022-05-17 16:37:30.577  INFO 2732 --- [main] org.hibernate.Version                    : HHH000412: Hibernate ORM core version 5.4.32.Final
2022-05-17 16:37:30.654  INFO 2732 --- [main] o.hibernate.annotations.common.Version   : HCANN000001: Hibernate Commons Annotations {5.1.2.Final}
2022-05-17 16:37:30.729  INFO 2732 --- [main] org.hibernate.dialect.Dialect            : HHH000400: Using dialect: org.hibernate.dialect.H2Dialect
2022-05-17 16:37:31.156  INFO 2732 --- [main] o.h.e.t.j.p.i.JtaPlatformInitiator       : HHH000490: Using JtaPlatform implementation: [org.hibernate.engine.transaction.jta.platform.internal.NoJtaPlatform]
2022-05-17 16:37:31.163  INFO 2732 --- [main] j.LocalContainerEntityManagerFactoryBean : Initialized JPA EntityManagerFactory for persistence unit 'default'
2022-05-17 16:37:31.424  WARN 2732 --- [main] JpaBaseConfiguration$JpaWebConfiguration : spring.jpa.open-in-view is enabled by default. Therefore, database queries may be performed during view rendering. Explicitly configure spring.jpa.open-in-view to disable this warning
2022-05-17 16:37:31.721  INFO 2732 --- [main] o.s.b.a.e.web.EndpointLinksResolver      : Exposing 4 endpoint(s) beneath base path '/actuator'
2022-05-17 16:37:31.757  INFO 2732 --- [main] o.s.b.w.embedded.tomcat.TomcatWebServer  : Tomcat started on port(s): 8080 (http) with context path ''
2022-05-17 16:37:31.767  INFO 2732 --- [main] c.s.s.SafetyNetAlertApplication          : Started SafetyNetAlertApplication in 3.071 seconds (JVM running for 4.079)
2022-05-17 16:37:32.402  INFO 2732 --- [RMI TCP Connection(4)-192.168.1.20] o.a.c.c.C.[Tomcat].[localhost].[/]       : Initializing Spring DispatcherServlet 'dispatcherServlet'
2022-05-17 16:37:32.402  INFO 2732 --- [RMI TCP Connection(4)-192.168.1.20] o.s.web.servlet.DispatcherServlet        : Initializing Servlet 'dispatcherServlet'
2022-05-17 16:37:32.403  INFO 2732 --- [RMI TCP Connection(4)-192.168.1.20] o.s.web.servlet.DispatcherServlet        : Completed initialization in 1 ms
2022-05-17 16:37:34.586  INFO 2732 --- [http-nio-8080-exec-1] c.s.s.w.c.a.PersonByStationController    : GET/fireStation/1
